[debug] [2025-10-04T16:57:41.343Z] ----------------------------------------------------------------------
[debug] [2025-10-04T16:57:41.347Z] Command:       C:\Program Files\nodejs\node.exe C:\Users\aszaf\AppData\Roaming\npm\node_modules\firebase-tools\lib\bin\firebase.js emulators:start --only functions
[debug] [2025-10-04T16:57:41.348Z] CLI Version:   14.12.1
[debug] [2025-10-04T16:57:41.348Z] Platform:      win32
[debug] [2025-10-04T16:57:41.348Z] Node Version:  v22.19.0
[debug] [2025-10-04T16:57:41.348Z] Time:          Sat Oct 04 2025 21:57:41 GMT+0500 (Pakistan Standard Time)
[debug] [2025-10-04T16:57:41.349Z] ----------------------------------------------------------------------
[debug] 
[debug] [2025-10-04T16:57:41.773Z] > command requires scopes: ["email","openid","https://www.googleapis.com/auth/cloudplatformprojects.readonly","https://www.googleapis.com/auth/firebase","https://www.googleapis.com/auth/cloud-platform"]
[debug] [2025-10-04T16:57:41.774Z] > authorizing via signed-in user (muhammadabdulrehmanbaig11@gmail.com)
[info] i  emulators: Starting emulators: functions {"metadata":{"emulator":{"name":"hub"},"message":"Starting emulators: functions"}}
[debug] [2025-10-04T16:57:41.817Z] [logging] Logging Emulator only supports listening on one address (127.0.0.1). Not listening on ::1
[debug] [2025-10-04T16:57:41.817Z] assigned listening specs for emulators {"user":{"hub":[{"address":"127.0.0.1","family":"IPv4","port":4400},{"address":"::1","family":"IPv6","port":4400}],"ui":[{"address":"127.0.0.1","family":"IPv4","port":4000},{"address":"::1","family":"IPv6","port":4000}],"logging":[{"address":"127.0.0.1","family":"IPv4","port":4500}]},"metadata":{"message":"assigned listening specs for emulators"}}
[debug] [2025-10-04T16:57:41.825Z] [hub] writing locator at C:\Users\aszaf\AppData\Local\Temp\hub-halalhive-1.json
[debug] [2025-10-04T16:57:41.853Z] [functions] Functions Emulator only supports listening on one address (127.0.0.1). Not listening on ::1
[debug] [2025-10-04T16:57:41.853Z] [eventarc] Eventarc Emulator only supports listening on one address (127.0.0.1). Not listening on ::1
[debug] [2025-10-04T16:57:41.853Z] [tasks] Cloud Tasks Emulator only supports listening on one address (127.0.0.1). Not listening on ::1
[debug] [2025-10-04T16:57:41.853Z] late-assigned ports for functions and eventarc emulators {"user":{"hub":[{"address":"127.0.0.1","family":"IPv4","port":4400},{"address":"::1","family":"IPv6","port":4400}],"ui":[{"address":"127.0.0.1","family":"IPv4","port":4000},{"address":"::1","family":"IPv6","port":4000}],"logging":[{"address":"127.0.0.1","family":"IPv4","port":4500}],"functions":[{"address":"127.0.0.1","family":"IPv4","port":5001}],"eventarc":[{"address":"127.0.0.1","family":"IPv4","port":9299}],"tasks":[{"address":"127.0.0.1","family":"IPv4","port":9499}]},"metadata":{"message":"late-assigned ports for functions and eventarc emulators"}}
[warn] !  functions: The following emulators are not running, calls to these services from the Functions emulator will affect production: apphosting, auth, firestore, database, hosting, pubsub, storage, dataconnect {"metadata":{"emulator":{"name":"functions"},"message":"The following emulators are not running, calls to these services from the Functions emulator will affect production: \u001b[1mapphosting, auth, firestore, database, hosting, pubsub, storage, dataconnect\u001b[22m"}}
[debug] [2025-10-04T16:57:41.882Z] defaultcredentials: writing to file C:\Users\aszaf\AppData\Roaming\firebase\muhammadabdulrehmanbaig11_gmail_com_application_default_credentials.json
[debug] [2025-10-04T16:57:41.886Z] Setting GAC to C:\Users\aszaf\AppData\Roaming\firebase\muhammadabdulrehmanbaig11_gmail_com_application_default_credentials.json {"metadata":{"emulator":{"name":"functions"},"message":"Setting GAC to C:\\Users\\aszaf\\AppData\\Roaming\\firebase\\muhammadabdulrehmanbaig11_gmail_com_application_default_credentials.json"}}
[debug] [2025-10-04T16:57:41.887Z] Checked if tokens are valid: true, expires at: 1759598626615
[debug] [2025-10-04T16:57:41.887Z] Checked if tokens are valid: true, expires at: 1759598626615
[debug] [2025-10-04T16:57:41.889Z] >>> [apiv2][query] GET https://firebase.googleapis.com/v1beta1/projects/halalhive-1/adminSdkConfig [none]
[debug] [2025-10-04T16:57:42.419Z] <<< [apiv2][status] GET https://firebase.googleapis.com/v1beta1/projects/halalhive-1/adminSdkConfig 200
[debug] [2025-10-04T16:57:42.419Z] <<< [apiv2][body] GET https://firebase.googleapis.com/v1beta1/projects/halalhive-1/adminSdkConfig {"projectId":"halalhive-1","storageBucket":"halalhive-1.firebasestorage.app"}
[info] i  ui: downloading ui-v1.15.0.zip... {"metadata":{"emulator":{"name":"ui"},"message":"downloading ui-v1.15.0.zip..."}}
[debug] [2025-10-04T16:57:42.455Z] >>> [apiv2][query] GET https://storage.googleapis.com/firebase-preview-drop/emulator/ui-v1.15.0.zip 
[debug] [2025-10-04T16:57:42.871Z] <<< [apiv2][status] GET https://storage.googleapis.com/firebase-preview-drop/emulator/ui-v1.15.0.zip 200
[debug] [2025-10-04T16:57:42.871Z] <<< [apiv2][body] GET https://storage.googleapis.com/firebase-preview-drop/emulator/ui-v1.15.0.zip [stream]
[debug] [2025-10-04T16:57:43.828Z] Data is 3538469
[debug] [2025-10-04T16:57:43.828Z] [unzip] Entry: client/ (compressed_size=0 bytes, uncompressed_size=0 bytes)
[debug] [2025-10-04T16:57:43.829Z] [unzip] Processing entry: client\
[debug] [2025-10-04T16:57:43.829Z] [unzip] mkdir: C:\Users\aszaf\.cache\firebase\emulators\ui-v1.15.0\client\
[debug] [2025-10-04T16:57:43.834Z] [unzip] Entry: client/favicon-16x16.png (compressed_size=293 bytes, uncompressed_size=293 bytes)
[debug] [2025-10-04T16:57:43.834Z] [unzip] Processing entry: client\favicon-16x16.png
[debug] [2025-10-04T16:57:43.834Z] [unzip] else mkdir: C:\Users\aszaf\.cache\firebase\emulators\ui-v1.15.0\client
[debug] [2025-10-04T16:57:43.835Z] [unzip] Writing file: C:\Users\aszaf\.cache\firebase\emulators\ui-v1.15.0\client\favicon-16x16.png
[debug] [2025-10-04T16:57:43.836Z] [unzip] Entry: client/safari-pinned-tab.svg (compressed_size=1433 bytes, uncompressed_size=2611 bytes)
[debug] [2025-10-04T16:57:43.836Z] [unzip] Processing entry: client\safari-pinned-tab.svg
[debug] [2025-10-04T16:57:43.836Z] [unzip] else mkdir: C:\Users\aszaf\.cache\firebase\emulators\ui-v1.15.0\client
[debug] [2025-10-04T16:57:43.837Z] [unzip] deflating: C:\Users\aszaf\.cache\firebase\emulators\ui-v1.15.0\client\safari-pinned-tab.svg
[debug] [2025-10-04T16:57:43.843Z] [unzip] Entry: client/favicon.ico (compressed_size=2933 bytes, uncompressed_size=13294 bytes)
[debug] [2025-10-04T16:57:43.843Z] [unzip] Processing entry: client\favicon.ico
[debug] [2025-10-04T16:57:43.843Z] [unzip] else mkdir: C:\Users\aszaf\.cache\firebase\emulators\ui-v1.15.0\client
[debug] [2025-10-04T16:57:43.844Z] [unzip] deflating: C:\Users\aszaf\.cache\firebase\emulators\ui-v1.15.0\client\favicon.ico
[debug] [2025-10-04T16:57:43.846Z] [unzip] Entry: client/index.html (compressed_size=1364 bytes, uncompressed_size=3071 bytes)
[debug] [2025-10-04T16:57:43.847Z] [unzip] Processing entry: client\index.html
[debug] [2025-10-04T16:57:43.847Z] [unzip] else mkdir: C:\Users\aszaf\.cache\firebase\emulators\ui-v1.15.0\client
[debug] [2025-10-04T16:57:43.847Z] [unzip] deflating: C:\Users\aszaf\.cache\firebase\emulators\ui-v1.15.0\client\index.html
[debug] [2025-10-04T16:57:43.853Z] [unzip] Entry: client/android-chrome-192x192.png (compressed_size=2684 bytes, uncompressed_size=2684 bytes)
[debug] [2025-10-04T16:57:43.854Z] [unzip] Processing entry: client\android-chrome-192x192.png
[debug] [2025-10-04T16:57:43.854Z] [unzip] else mkdir: C:\Users\aszaf\.cache\firebase\emulators\ui-v1.15.0\client
[debug] [2025-10-04T16:57:43.855Z] [unzip] Writing file: C:\Users\aszaf\.cache\firebase\emulators\ui-v1.15.0\client\android-chrome-192x192.png
[debug] [2025-10-04T16:57:43.857Z] [unzip] Entry: client/apple-touch-icon.png (compressed_size=2123 bytes, uncompressed_size=2152 bytes)
[debug] [2025-10-04T16:57:43.857Z] [unzip] Processing entry: client\apple-touch-icon.png
[debug] [2025-10-04T16:57:43.857Z] [unzip] else mkdir: C:\Users\aszaf\.cache\firebase\emulators\ui-v1.15.0\client
[debug] [2025-10-04T16:57:43.857Z] [unzip] deflating: C:\Users\aszaf\.cache\firebase\emulators\ui-v1.15.0\client\apple-touch-icon.png
[debug] [2025-10-04T16:57:43.859Z] [unzip] Entry: client/android-chrome-512x512.png (compressed_size=5369 bytes, uncompressed_size=5411 bytes)
[debug] [2025-10-04T16:57:43.859Z] [unzip] Processing entry: client\android-chrome-512x512.png
[debug] [2025-10-04T16:57:43.860Z] [unzip] else mkdir: C:\Users\aszaf\.cache\firebase\emulators\ui-v1.15.0\client
[debug] [2025-10-04T16:57:43.860Z] [unzip] deflating: C:\Users\aszaf\.cache\firebase\emulators\ui-v1.15.0\client\android-chrome-512x512.png
[debug] [2025-10-04T16:57:43.862Z] [unzip] Entry: client/manifest.json (compressed_size=245 bytes, uncompressed_size=551 bytes)
[debug] [2025-10-04T16:57:43.862Z] [unzip] Processing entry: client\manifest.json
[debug] [2025-10-04T16:57:43.862Z] [unzip] else mkdir: C:\Users\aszaf\.cache\firebase\emulators\ui-v1.15.0\client
[debug] [2025-10-04T16:57:43.862Z] [unzip] deflating: C:\Users\aszaf\.cache\firebase\emulators\ui-v1.15.0\client\manifest.json
[debug] [2025-10-04T16:57:43.864Z] [unzip] Entry: client/robots.txt (compressed_size=26 bytes, uncompressed_size=26 bytes)
[debug] [2025-10-04T16:57:43.864Z] [unzip] Processing entry: client\robots.txt
[debug] [2025-10-04T16:57:43.864Z] [unzip] else mkdir: C:\Users\aszaf\.cache\firebase\emulators\ui-v1.15.0\client
[debug] [2025-10-04T16:57:43.864Z] [unzip] Writing file: C:\Users\aszaf\.cache\firebase\emulators\ui-v1.15.0\client\robots.txt
[debug] [2025-10-04T16:57:43.866Z] [unzip] Entry: client/mstile-150x150.png (compressed_size=2034 bytes, uncompressed_size=2034 bytes)
[debug] [2025-10-04T16:57:43.866Z] [unzip] Processing entry: client\mstile-150x150.png
[debug] [2025-10-04T16:57:43.866Z] [unzip] else mkdir: C:\Users\aszaf\.cache\firebase\emulators\ui-v1.15.0\client
[debug] [2025-10-04T16:57:43.866Z] [unzip] Writing file: C:\Users\aszaf\.cache\firebase\emulators\ui-v1.15.0\client\mstile-150x150.png
[debug] [2025-10-04T16:57:43.868Z] [unzip] Entry: client/assets/ (compressed_size=0 bytes, uncompressed_size=0 bytes)
[debug] [2025-10-04T16:57:43.868Z] [unzip] Processing entry: client\assets\
[debug] [2025-10-04T16:57:43.868Z] [unzip] mkdir: C:\Users\aszaf\.cache\firebase\emulators\ui-v1.15.0\client\assets\
[debug] [2025-10-04T16:57:43.869Z] [unzip] Entry: client/assets/index-BX-A56oj.js (compressed_size=582089 bytes, uncompressed_size=2092775 bytes)
[debug] [2025-10-04T16:57:43.869Z] [unzip] Processing entry: client\assets\index-BX-A56oj.js
[debug] [2025-10-04T16:57:43.869Z] [unzip] else mkdir: C:\Users\aszaf\.cache\firebase\emulators\ui-v1.15.0\client\assets
[debug] [2025-10-04T16:57:43.869Z] [unzip] deflating: C:\Users\aszaf\.cache\firebase\emulators\ui-v1.15.0\client\assets\index-BX-A56oj.js
[debug] [2025-10-04T16:57:43.899Z] [unzip] Entry: client/assets/index-CjB9C900.css (compressed_size=35979 bytes, uncompressed_size=298654 bytes)
[debug] [2025-10-04T16:57:43.899Z] [unzip] Processing entry: client\assets\index-CjB9C900.css
[debug] [2025-10-04T16:57:43.900Z] [unzip] else mkdir: C:\Users\aszaf\.cache\firebase\emulators\ui-v1.15.0\client\assets
[debug] [2025-10-04T16:57:43.900Z] [unzip] deflating: C:\Users\aszaf\.cache\firebase\emulators\ui-v1.15.0\client\assets\index-CjB9C900.css
[debug] [2025-10-04T16:57:43.912Z] [unzip] Entry: client/assets/index-BX-A56oj.js.map (compressed_size=2362482 bytes, uncompressed_size=10036679 bytes)
[debug] [2025-10-04T16:57:43.913Z] [unzip] Processing entry: client\assets\index-BX-A56oj.js.map
[debug] [2025-10-04T16:57:43.913Z] [unzip] else mkdir: C:\Users\aszaf\.cache\firebase\emulators\ui-v1.15.0\client\assets
[debug] [2025-10-04T16:57:43.913Z] [unzip] deflating: C:\Users\aszaf\.cache\firebase\emulators\ui-v1.15.0\client\assets\index-BX-A56oj.js.map
[debug] [2025-10-04T16:57:43.987Z] [unzip] Entry: client/assets/extensions/ (compressed_size=0 bytes, uncompressed_size=0 bytes)
[debug] [2025-10-04T16:57:43.988Z] [unzip] Processing entry: client\assets\extensions\
[debug] [2025-10-04T16:57:43.988Z] [unzip] mkdir: C:\Users\aszaf\.cache\firebase\emulators\ui-v1.15.0\client\assets\extensions\
[debug] [2025-10-04T16:57:43.991Z] [unzip] Entry: client/assets/extensions/default-extension.png (compressed_size=1646 bytes, uncompressed_size=1657 bytes)
[debug] [2025-10-04T16:57:43.991Z] [unzip] Processing entry: client\assets\extensions\default-extension.png
[debug] [2025-10-04T16:57:43.991Z] [unzip] else mkdir: C:\Users\aszaf\.cache\firebase\emulators\ui-v1.15.0\client\assets\extensions
[debug] [2025-10-04T16:57:43.991Z] [unzip] deflating: C:\Users\aszaf\.cache\firebase\emulators\ui-v1.15.0\client\assets\extensions\default-extension.png
[debug] [2025-10-04T16:57:43.994Z] [unzip] Entry: client/assets/img/ (compressed_size=0 bytes, uncompressed_size=0 bytes)
[debug] [2025-10-04T16:57:43.994Z] [unzip] Processing entry: client\assets\img\
[debug] [2025-10-04T16:57:43.994Z] [unzip] mkdir: C:\Users\aszaf\.cache\firebase\emulators\ui-v1.15.0\client\assets\img\
[debug] [2025-10-04T16:57:43.994Z] [unzip] Entry: client/assets/img/database.png (compressed_size=29449 bytes, uncompressed_size=29988 bytes)
[debug] [2025-10-04T16:57:43.994Z] [unzip] Processing entry: client\assets\img\database.png
[debug] [2025-10-04T16:57:43.994Z] [unzip] else mkdir: C:\Users\aszaf\.cache\firebase\emulators\ui-v1.15.0\client\assets\img
[debug] [2025-10-04T16:57:43.995Z] [unzip] deflating: C:\Users\aszaf\.cache\firebase\emulators\ui-v1.15.0\client\assets\img\database.png
[debug] [2025-10-04T16:57:43.997Z] [unzip] Entry: client/assets/provider-icons/ (compressed_size=0 bytes, uncompressed_size=0 bytes)
[debug] [2025-10-04T16:57:43.997Z] [unzip] Processing entry: client\assets\provider-icons\
[debug] [2025-10-04T16:57:43.997Z] [unzip] mkdir: C:\Users\aszaf\.cache\firebase\emulators\ui-v1.15.0\client\assets\provider-icons\
[debug] [2025-10-04T16:57:43.998Z] [unzip] Entry: client/assets/provider-icons/auth_service_saml.svg (compressed_size=575 bytes, uncompressed_size=1226 bytes)
[debug] [2025-10-04T16:57:43.998Z] [unzip] Processing entry: client\assets\provider-icons\auth_service_saml.svg
[debug] [2025-10-04T16:57:43.998Z] [unzip] else mkdir: C:\Users\aszaf\.cache\firebase\emulators\ui-v1.15.0\client\assets\provider-icons
[debug] [2025-10-04T16:57:43.998Z] [unzip] deflating: C:\Users\aszaf\.cache\firebase\emulators\ui-v1.15.0\client\assets\provider-icons\auth_service_saml.svg
[debug] [2025-10-04T16:57:44.000Z] [unzip] Entry: client/assets/provider-icons/auth_service_phone.svg (compressed_size=261 bytes, uncompressed_size=414 bytes)
[debug] [2025-10-04T16:57:44.000Z] [unzip] Processing entry: client\assets\provider-icons\auth_service_phone.svg
[debug] [2025-10-04T16:57:44.000Z] [unzip] else mkdir: C:\Users\aszaf\.cache\firebase\emulators\ui-v1.15.0\client\assets\provider-icons
[debug] [2025-10-04T16:57:44.000Z] [unzip] deflating: C:\Users\aszaf\.cache\firebase\emulators\ui-v1.15.0\client\assets\provider-icons\auth_service_phone.svg
[debug] [2025-10-04T16:57:44.002Z] [unzip] Entry: client/assets/provider-icons/auth_service_facebook.svg (compressed_size=289 bytes, uncompressed_size=457 bytes)
[debug] [2025-10-04T16:57:44.002Z] [unzip] Processing entry: client\assets\provider-icons\auth_service_facebook.svg
[debug] [2025-10-04T16:57:44.003Z] [unzip] else mkdir: C:\Users\aszaf\.cache\firebase\emulators\ui-v1.15.0\client\assets\provider-icons
[debug] [2025-10-04T16:57:44.003Z] [unzip] deflating: C:\Users\aszaf\.cache\firebase\emulators\ui-v1.15.0\client\assets\provider-icons\auth_service_facebook.svg
[debug] [2025-10-04T16:57:44.005Z] [unzip] Entry: client/assets/provider-icons/auth_service_game_center.svg (compressed_size=991 bytes, uncompressed_size=3921 bytes)
[debug] [2025-10-04T16:57:44.005Z] [unzip] Processing entry: client\assets\provider-icons\auth_service_game_center.svg
[debug] [2025-10-04T16:57:44.005Z] [unzip] else mkdir: C:\Users\aszaf\.cache\firebase\emulators\ui-v1.15.0\client\assets\provider-icons
[debug] [2025-10-04T16:57:44.006Z] [unzip] deflating: C:\Users\aszaf\.cache\firebase\emulators\ui-v1.15.0\client\assets\provider-icons\auth_service_game_center.svg
[debug] [2025-10-04T16:57:44.008Z] [unzip] Entry: client/assets/provider-icons/auth_service_apple.svg (compressed_size=230 bytes, uncompressed_size=334 bytes)
[debug] [2025-10-04T16:57:44.008Z] [unzip] Processing entry: client\assets\provider-icons\auth_service_apple.svg
[debug] [2025-10-04T16:57:44.008Z] [unzip] else mkdir: C:\Users\aszaf\.cache\firebase\emulators\ui-v1.15.0\client\assets\provider-icons
[debug] [2025-10-04T16:57:44.008Z] [unzip] deflating: C:\Users\aszaf\.cache\firebase\emulators\ui-v1.15.0\client\assets\provider-icons\auth_service_apple.svg
[debug] [2025-10-04T16:57:44.010Z] [unzip] Entry: client/assets/provider-icons/auth_service_github.svg (compressed_size=466 bytes, uncompressed_size=838 bytes)
[debug] [2025-10-04T16:57:44.010Z] [unzip] Processing entry: client\assets\provider-icons\auth_service_github.svg
[debug] [2025-10-04T16:57:44.010Z] [unzip] else mkdir: C:\Users\aszaf\.cache\firebase\emulators\ui-v1.15.0\client\assets\provider-icons
[debug] [2025-10-04T16:57:44.010Z] [unzip] deflating: C:\Users\aszaf\.cache\firebase\emulators\ui-v1.15.0\client\assets\provider-icons\auth_service_github.svg
[debug] [2025-10-04T16:57:44.012Z] [unzip] Entry: client/assets/provider-icons/auth_service_mslive.svg (compressed_size=203 bytes, uncompressed_size=378 bytes)
[debug] [2025-10-04T16:57:44.012Z] [unzip] Processing entry: client\assets\provider-icons\auth_service_mslive.svg
[debug] [2025-10-04T16:57:44.012Z] [unzip] else mkdir: C:\Users\aszaf\.cache\firebase\emulators\ui-v1.15.0\client\assets\provider-icons
[debug] [2025-10-04T16:57:44.012Z] [unzip] deflating: C:\Users\aszaf\.cache\firebase\emulators\ui-v1.15.0\client\assets\provider-icons\auth_service_mslive.svg
[debug] [2025-10-04T16:57:44.014Z] [unzip] Entry: client/assets/provider-icons/auth_service_yahoo.svg (compressed_size=577 bytes, uncompressed_size=1182 bytes)
[debug] [2025-10-04T16:57:44.014Z] [unzip] Processing entry: client\assets\provider-icons\auth_service_yahoo.svg
[debug] [2025-10-04T16:57:44.014Z] [unzip] else mkdir: C:\Users\aszaf\.cache\firebase\emulators\ui-v1.15.0\client\assets\provider-icons
[debug] [2025-10-04T16:57:44.014Z] [unzip] deflating: C:\Users\aszaf\.cache\firebase\emulators\ui-v1.15.0\client\assets\provider-icons\auth_service_yahoo.svg
[debug] [2025-10-04T16:57:44.017Z] [unzip] Entry: client/assets/provider-icons/auth_service_twitter.svg (compressed_size=444 bytes, uncompressed_size=751 bytes)
[debug] [2025-10-04T16:57:44.017Z] [unzip] Processing entry: client\assets\provider-icons\auth_service_twitter.svg
[debug] [2025-10-04T16:57:44.017Z] [unzip] else mkdir: C:\Users\aszaf\.cache\firebase\emulators\ui-v1.15.0\client\assets\provider-icons
[debug] [2025-10-04T16:57:44.017Z] [unzip] deflating: C:\Users\aszaf\.cache\firebase\emulators\ui-v1.15.0\client\assets\provider-icons\auth_service_twitter.svg
[debug] [2025-10-04T16:57:44.019Z] [unzip] Entry: client/assets/provider-icons/auth_service_play_games.svg (compressed_size=565 bytes, uncompressed_size=1173 bytes)
[debug] [2025-10-04T16:57:44.019Z] [unzip] Processing entry: client\assets\provider-icons\auth_service_play_games.svg
[debug] [2025-10-04T16:57:44.019Z] [unzip] else mkdir: C:\Users\aszaf\.cache\firebase\emulators\ui-v1.15.0\client\assets\provider-icons
[debug] [2025-10-04T16:57:44.020Z] [unzip] deflating: C:\Users\aszaf\.cache\firebase\emulators\ui-v1.15.0\client\assets\provider-icons\auth_service_play_games.svg
[debug] [2025-10-04T16:57:44.024Z] [unzip] Entry: client/assets/provider-icons/auth_service_email.svg (compressed_size=228 bytes, uncompressed_size=326 bytes)
[debug] [2025-10-04T16:57:44.024Z] [unzip] Processing entry: client\assets\provider-icons\auth_service_email.svg
[debug] [2025-10-04T16:57:44.024Z] [unzip] else mkdir: C:\Users\aszaf\.cache\firebase\emulators\ui-v1.15.0\client\assets\provider-icons
[debug] [2025-10-04T16:57:44.024Z] [unzip] deflating: C:\Users\aszaf\.cache\firebase\emulators\ui-v1.15.0\client\assets\provider-icons\auth_service_email.svg
[debug] [2025-10-04T16:57:44.027Z] [unzip] Entry: client/assets/provider-icons/auth_service_google.svg (compressed_size=409 bytes, uncompressed_size=720 bytes)
[debug] [2025-10-04T16:57:44.027Z] [unzip] Processing entry: client\assets\provider-icons\auth_service_google.svg
[debug] [2025-10-04T16:57:44.027Z] [unzip] else mkdir: C:\Users\aszaf\.cache\firebase\emulators\ui-v1.15.0\client\assets\provider-icons
[debug] [2025-10-04T16:57:44.027Z] [unzip] deflating: C:\Users\aszaf\.cache\firebase\emulators\ui-v1.15.0\client\assets\provider-icons\auth_service_google.svg
[debug] [2025-10-04T16:57:44.029Z] [unzip] Entry: client/assets/provider-icons/auth_service_oidc.svg (compressed_size=414 bytes, uncompressed_size=858 bytes)
[debug] [2025-10-04T16:57:44.029Z] [unzip] Processing entry: client\assets\provider-icons\auth_service_oidc.svg
[debug] [2025-10-04T16:57:44.029Z] [unzip] else mkdir: C:\Users\aszaf\.cache\firebase\emulators\ui-v1.15.0\client\assets\provider-icons
[debug] [2025-10-04T16:57:44.029Z] [unzip] deflating: C:\Users\aszaf\.cache\firebase\emulators\ui-v1.15.0\client\assets\provider-icons\auth_service_oidc.svg
[debug] [2025-10-04T16:57:44.031Z] [unzip] Entry: client/browserconfig.xml (compressed_size=491 bytes, uncompressed_size=822 bytes)
[debug] [2025-10-04T16:57:44.032Z] [unzip] Processing entry: client\browserconfig.xml
[debug] [2025-10-04T16:57:44.032Z] [unzip] else mkdir: C:\Users\aszaf\.cache\firebase\emulators\ui-v1.15.0\client
[debug] [2025-10-04T16:57:44.032Z] [unzip] deflating: C:\Users\aszaf\.cache\firebase\emulators\ui-v1.15.0\client\browserconfig.xml
[debug] [2025-10-04T16:57:44.034Z] [unzip] Entry: client/favicon-32x32.png (compressed_size=475 bytes, uncompressed_size=475 bytes)
[debug] [2025-10-04T16:57:44.034Z] [unzip] Processing entry: client\favicon-32x32.png
[debug] [2025-10-04T16:57:44.034Z] [unzip] else mkdir: C:\Users\aszaf\.cache\firebase\emulators\ui-v1.15.0\client
[debug] [2025-10-04T16:57:44.034Z] [unzip] Writing file: C:\Users\aszaf\.cache\firebase\emulators\ui-v1.15.0\client\favicon-32x32.png
[debug] [2025-10-04T16:57:44.035Z] [unzip] Entry: server/ (compressed_size=0 bytes, uncompressed_size=0 bytes)
[debug] [2025-10-04T16:57:44.035Z] [unzip] Processing entry: server\
[debug] [2025-10-04T16:57:44.036Z] [unzip] mkdir: C:\Users\aszaf\.cache\firebase\emulators\ui-v1.15.0\server\
[debug] [2025-10-04T16:57:44.036Z] [unzip] Entry: server/server.mjs.map (compressed_size=217845 bytes, uncompressed_size=944978 bytes)
[debug] [2025-10-04T16:57:44.036Z] [unzip] Processing entry: server\server.mjs.map
[debug] [2025-10-04T16:57:44.036Z] [unzip] else mkdir: C:\Users\aszaf\.cache\firebase\emulators\ui-v1.15.0\server
[debug] [2025-10-04T16:57:44.036Z] [unzip] deflating: C:\Users\aszaf\.cache\firebase\emulators\ui-v1.15.0\server\server.mjs.map
[debug] [2025-10-04T16:57:44.044Z] [unzip] Entry: server/server.mjs (compressed_size=276407 bytes, uncompressed_size=933701 bytes)
[debug] [2025-10-04T16:57:44.045Z] [unzip] Processing entry: server\server.mjs
[debug] [2025-10-04T16:57:44.045Z] [unzip] else mkdir: C:\Users\aszaf\.cache\firebase\emulators\ui-v1.15.0\server
[debug] [2025-10-04T16:57:44.045Z] [unzip] deflating: C:\Users\aszaf\.cache\firebase\emulators\ui-v1.15.0\server\server.mjs
[info] i  functions: Watching "C:\Users\aszaf\Documents\Halal Hive Web\web\functions" for Cloud Functions... {"metadata":{"emulator":{"name":"functions"},"message":"Watching \"C:\\Users\\aszaf\\Documents\\Halal Hive Web\\web\\functions\" for Cloud Functions..."}}
[debug] [2025-10-04T16:57:44.065Z] Validating nodejs source
[debug] [2025-10-04T16:57:46.527Z] > [functions] package.json contents: {
  "main": "lib/index.js",
  "scripts": {
    "genkit:start": "genkit start -- tsx --watch src/genkit-sample.ts",
    "lint": "eslint --ext .js,.ts .",
    "build": "tsc",
    "build:watch": "tsc --watch",
    "serve": "npm run build && firebase emulators:start --only functions",
    "shell": "npm run build && firebase functions:shell",
    "start": "npm run shell",
    "deploy": "firebase deploy --only functions",
    "logs": "firebase functions:log"
  },
  "name": "functions",
  "engines": {
    "node": "22"
  },
  "dependencies": {
    "express": "^5.1.0",
    "firebase-admin": "^12.6.0",
    "firebase-functions": "^6.0.1",
    "genkit": "^1.16.1"
  },
  "devDependencies": {
    "@typescript-eslint/eslint-plugin": "^5.12.0",
    "@typescript-eslint/parser": "^5.12.0",
    "eslint": "^8.9.0",
    "eslint-config-google": "^0.14.0",
    "eslint-plugin-import": "^2.25.4",
    "firebase-functions-test": "^3.1.0",
    "tsx": "^4.20.4",
    "typescript": "^5.9.2"
  },
  "private": true
}
[debug] [2025-10-04T16:57:46.527Z] Building nodejs source
[debug] [2025-10-04T16:57:46.528Z] Failed to find version of module node: reached end of search path C:\Users\aszaf\Documents\Halal Hive Web\web\functions\node_modules
[info] +  functions: Using node@22 from host. 
[debug] [2025-10-04T16:57:46.531Z] Could not find functions.yaml. Must use http discovery
[debug] [2025-10-04T16:57:46.538Z] Found firebase-functions binary at 'C:\Users\aszaf\Documents\Halal Hive Web\web\functions\node_modules\.bin\firebase-functions'
[info] Serving at port 8498

[debug] [2025-10-04T16:57:47.318Z] Got response from /__/functions.yaml {"endpoints":{"helloWorld":{"availableMemoryMb":null,"timeoutSeconds":null,"minInstances":null,"maxInstances":null,"ingressSettings":null,"concurrency":null,"serviceAccountEmail":null,"vpc":null,"platform":"gcfv2","labels":{},"httpsTrigger":{},"entryPoint":"helloWorld"}},"specVersion":"v1alpha1","requiredAPIs":[],"extensions":{}}
[info] +  functions: Loaded functions definitions from source: helloWorld. {"metadata":{"emulator":{"name":"functions"},"message":"Loaded functions definitions from source: helloWorld."}}
[info] +  functions[us-central1-helloWorld]: http function initialized (http://127.0.0.1:5001/halalhive-1/us-central1/helloWorld). {"metadata":{"emulator":{"name":"functions"},"message":"\u001b[1mhttp\u001b[22m function initialized (http://127.0.0.1:5001/halalhive-1/us-central1/helloWorld)."}}
[debug] [2025-10-04T16:57:51.374Z] Could not find VSCode notification endpoint: FetchError: request to http://localhost:40001/vscode/notify failed, reason: . If you are not running the Firebase Data Connect VSCode extension, this is expected and not an issue.
[info] 
┌─────────────────────────────────────────────────────────────┐
│ ✔  All emulators ready! It is now safe to connect your app. │
│ i  View Emulator UI at http://127.0.0.1:4000/               │
└─────────────────────────────────────────────────────────────┘

┌───────────┬────────────────┬─────────────────────────────────┐
│ Emulator  │ Host:Port      │ View in Emulator UI             │
├───────────┼────────────────┼─────────────────────────────────┤
│ Functions │ 127.0.0.1:5001 │ http://127.0.0.1:4000/functions │
└───────────┴────────────────┴─────────────────────────────────┘
  Emulator Hub host: 127.0.0.1 port: 4400
  Other reserved ports: 4500

Issues? Report them at https://github.com/firebase/firebase-tools/issues and attach the *-debug.log files.
 
[debug] [2025-10-04T16:58:23.239Z] [work-queue] {"queuedWork":["/halalhive-1/us-central1/helloWorld-2025-10-04T16:58:23.239Z"],"queueLength":1,"runningWork":[],"workRunningCount":0}
[debug] [2025-10-04T16:58:23.240Z] [work-queue] {"queuedWork":[],"queueLength":0,"runningWork":["/halalhive-1/us-central1/helloWorld-2025-10-04T16:58:23.239Z"],"workRunningCount":1}
[debug] [2025-10-04T16:58:23.241Z] Accepted request GET /halalhive-1/us-central1/helloWorld --> us-central1-helloWorld
[debug] [2025-10-04T16:58:23.250Z] [functions] Runtime ready! Sending request! {"metadata":{"emulator":{"name":"functions"},"message":"[functions] Runtime ready! Sending request!"}}
[debug] [2025-10-04T16:58:23.252Z] [functions] Got req.url=/halalhive-1/us-central1/helloWorld, mapping to path=/ {"metadata":{"emulator":{"name":"functions"},"message":"[functions] Got req.url=/halalhive-1/us-central1/helloWorld, mapping to path=/"}}
[debug] [2025-10-04T16:58:23.279Z] [worker-pool] addWorker(us-central1-helloWorld) {"metadata":{"emulator":{"name":"functions"},"message":"[worker-pool] addWorker(us-central1-helloWorld)"}}
[debug] [2025-10-04T16:58:23.280Z] [worker-pool] Adding worker with key us-central1-helloWorld, total=1 {"metadata":{"emulator":{"name":"functions"},"message":"[worker-pool] Adding worker with key us-central1-helloWorld, total=1"}}
[debug] [2025-10-04T16:58:24.745Z] [runtime-status] [10388] Resolved module firebase-admin {"declared":true,"installed":true,"version":"12.7.0","resolution":"C:\\Users\\aszaf\\Documents\\Halal Hive Web\\web\\functions\\node_modules\\firebase-admin\\lib\\index.js"} {"metadata":{"emulator":{"name":"functions"},"function":{"name":"us-central1-helloWorld"},"extension":{},"message":"[runtime-status] [10388] Resolved module firebase-admin {\"declared\":true,\"installed\":true,\"version\":\"12.7.0\",\"resolution\":\"C:\\\\Users\\\\aszaf\\\\Documents\\\\Halal Hive Web\\\\web\\\\functions\\\\node_modules\\\\firebase-admin\\\\lib\\\\index.js\"}"}}
[debug] [2025-10-04T16:58:24.746Z] [runtime-status] [10388] Resolved module firebase-functions {"declared":true,"installed":true,"version":"6.4.0","resolution":"C:\\Users\\aszaf\\Documents\\Halal Hive Web\\web\\functions\\node_modules\\firebase-functions\\lib\\v2\\index.js"} {"metadata":{"emulator":{"name":"functions"},"function":{"name":"us-central1-helloWorld"},"extension":{},"message":"[runtime-status] [10388] Resolved module firebase-functions {\"declared\":true,\"installed\":true,\"version\":\"6.4.0\",\"resolution\":\"C:\\\\Users\\\\aszaf\\\\Documents\\\\Halal Hive Web\\\\web\\\\functions\\\\node_modules\\\\firebase-functions\\\\lib\\\\v2\\\\index.js\"}"}}
[debug] [2025-10-04T16:58:24.747Z] [runtime-status] [10388] Outgoing network have been stubbed. [{"name":"http","status":"mocked"},{"name":"http","status":"mocked"},{"name":"https","status":"mocked"},{"name":"https","status":"mocked"},{"name":"net","status":"mocked"}] {"metadata":{"emulator":{"name":"functions"},"function":{"name":"us-central1-helloWorld"},"extension":{},"message":"[runtime-status] [10388] Outgoing network have been stubbed. [{\"name\":\"http\",\"status\":\"mocked\"},{\"name\":\"http\",\"status\":\"mocked\"},{\"name\":\"https\",\"status\":\"mocked\"},{\"name\":\"https\",\"status\":\"mocked\"},{\"name\":\"net\",\"status\":\"mocked\"}]"}}
[debug] [2025-10-04T16:58:24.748Z] [runtime-status] [10388] Resolved module firebase-functions {"declared":true,"installed":true,"version":"6.4.0","resolution":"C:\\Users\\aszaf\\Documents\\Halal Hive Web\\web\\functions\\node_modules\\firebase-functions\\lib\\v2\\index.js"} {"metadata":{"emulator":{"name":"functions"},"function":{"name":"us-central1-helloWorld"},"extension":{},"message":"[runtime-status] [10388] Resolved module firebase-functions {\"declared\":true,\"installed\":true,\"version\":\"6.4.0\",\"resolution\":\"C:\\\\Users\\\\aszaf\\\\Documents\\\\Halal Hive Web\\\\web\\\\functions\\\\node_modules\\\\firebase-functions\\\\lib\\\\v2\\\\index.js\"}"}}
[debug] [2025-10-04T16:58:25.111Z] [runtime-status] [10388] Checked functions.config() {"config":{}} {"metadata":{"emulator":{"name":"functions"},"function":{"name":"us-central1-helloWorld"},"extension":{},"message":"[runtime-status] [10388] Checked functions.config() {\"config\":{}}"}}
[debug] [2025-10-04T16:58:25.112Z] [runtime-status] [10388] firebase-functions has been stubbed. {"functionsResolution":{"declared":true,"installed":true,"version":"6.4.0","resolution":"C:\\Users\\aszaf\\Documents\\Halal Hive Web\\web\\functions\\node_modules\\firebase-functions\\lib\\v2\\index.js"}} {"metadata":{"emulator":{"name":"functions"},"function":{"name":"us-central1-helloWorld"},"extension":{},"message":"[runtime-status] [10388] firebase-functions has been stubbed. {\"functionsResolution\":{\"declared\":true,\"installed\":true,\"version\":\"6.4.0\",\"resolution\":\"C:\\\\Users\\\\aszaf\\\\Documents\\\\Halal Hive Web\\\\web\\\\functions\\\\node_modules\\\\firebase-functions\\\\lib\\\\v2\\\\index.js\"}}"}}
[debug] [2025-10-04T16:58:25.114Z] [runtime-status] [10388] Resolved module firebase-functions {"declared":true,"installed":true,"version":"6.4.0","resolution":"C:\\Users\\aszaf\\Documents\\Halal Hive Web\\web\\functions\\node_modules\\firebase-functions\\lib\\v2\\index.js"} {"metadata":{"emulator":{"name":"functions"},"function":{"name":"us-central1-helloWorld"},"extension":{},"message":"[runtime-status] [10388] Resolved module firebase-functions {\"declared\":true,\"installed\":true,\"version\":\"6.4.0\",\"resolution\":\"C:\\\\Users\\\\aszaf\\\\Documents\\\\Halal Hive Web\\\\web\\\\functions\\\\node_modules\\\\firebase-functions\\\\lib\\\\v2\\\\index.js\"}"}}
[debug] [2025-10-04T16:58:25.124Z] [runtime-status] [10388] Resolved module firebase-admin {"declared":true,"installed":true,"version":"12.7.0","resolution":"C:\\Users\\aszaf\\Documents\\Halal Hive Web\\web\\functions\\node_modules\\firebase-admin\\lib\\index.js"} {"metadata":{"emulator":{"name":"functions"},"function":{"name":"us-central1-helloWorld"},"extension":{},"message":"[runtime-status] [10388] Resolved module firebase-admin {\"declared\":true,\"installed\":true,\"version\":\"12.7.0\",\"resolution\":\"C:\\\\Users\\\\aszaf\\\\Documents\\\\Halal Hive Web\\\\web\\\\functions\\\\node_modules\\\\firebase-admin\\\\lib\\\\index.js\"}"}}
[debug] [2025-10-04T16:58:25.130Z] [runtime-status] [10388] Resolved module firebase-functions {"declared":true,"installed":true,"version":"6.4.0","resolution":"C:\\Users\\aszaf\\Documents\\Halal Hive Web\\web\\functions\\node_modules\\firebase-functions\\lib\\v2\\index.js"} {"metadata":{"emulator":{"name":"functions"},"function":{"name":"us-central1-helloWorld"},"extension":{},"message":"[runtime-status] [10388] Resolved module firebase-functions {\"declared\":true,\"installed\":true,\"version\":\"6.4.0\",\"resolution\":\"C:\\\\Users\\\\aszaf\\\\Documents\\\\Halal Hive Web\\\\web\\\\functions\\\\node_modules\\\\firebase-functions\\\\lib\\\\v2\\\\index.js\"}"}}
[debug] [2025-10-04T16:58:25.130Z] [runtime-status] [10388] firebase-admin has been stubbed. {"adminResolution":{"declared":true,"installed":true,"version":"12.7.0","resolution":"C:\\Users\\aszaf\\Documents\\Halal Hive Web\\web\\functions\\node_modules\\firebase-admin\\lib\\index.js"}} {"metadata":{"emulator":{"name":"functions"},"function":{"name":"us-central1-helloWorld"},"extension":{},"message":"[runtime-status] [10388] firebase-admin has been stubbed. {\"adminResolution\":{\"declared\":true,\"installed\":true,\"version\":\"12.7.0\",\"resolution\":\"C:\\\\Users\\\\aszaf\\\\Documents\\\\Halal Hive Web\\\\web\\\\functions\\\\node_modules\\\\firebase-admin\\\\lib\\\\index.js\"}}"}}
[debug] [2025-10-04T16:58:25.139Z] [runtime-status] [10388] Functions runtime initialized. {"cwd":"C:\\Users\\aszaf\\Documents\\Halal Hive Web\\web\\functions","node_version":"22.19.0"} {"metadata":{"emulator":{"name":"functions"},"function":{"name":"us-central1-helloWorld"},"extension":{},"message":"[runtime-status] [10388] Functions runtime initialized. {\"cwd\":\"C:\\\\Users\\\\aszaf\\\\Documents\\\\Halal Hive Web\\\\web\\\\functions\",\"node_version\":\"22.19.0\"}"}}
[debug] [2025-10-04T16:58:25.139Z] [runtime-status] [10388] Listening to port: \\?\pipe\fire_emu_416b30c9ddecf862 {"metadata":{"emulator":{"name":"functions"},"function":{"name":"us-central1-helloWorld"},"extension":{},"message":"[runtime-status] [10388] Listening to port: \\\\?\\pipe\\fire_emu_416b30c9ddecf862"}}
[debug] [2025-10-04T16:58:25.229Z] [worker-us-central1-helloWorld-7c989216-931c-4581-beb1-30a5e4bb8302]: IDLE {"metadata":{"emulator":{"name":"functions"},"function":{"name":"us-central1-helloWorld"},"extension":{},"message":"[worker-us-central1-helloWorld-7c989216-931c-4581-beb1-30a5e4bb8302]: IDLE"}}
[debug] [2025-10-04T16:58:25.230Z] [worker-pool] submitRequest(triggerId=us-central1-helloWorld) {"metadata":{"emulator":{"name":"functions"},"message":"[worker-pool] submitRequest(triggerId=us-central1-helloWorld)"}}
[info] i  functions: Beginning execution of "us-central1-helloWorld" {"metadata":{"emulator":{"name":"functions"},"function":{"name":"us-central1-helloWorld"},"extension":{},"message":"Beginning execution of \"us-central1-helloWorld\""}}
[debug] [2025-10-04T16:58:25.232Z] [worker-us-central1-helloWorld-7c989216-931c-4581-beb1-30a5e4bb8302]: BUSY {"metadata":{"emulator":{"name":"functions"},"function":{"name":"us-central1-helloWorld"},"extension":{},"message":"[worker-us-central1-helloWorld-7c989216-931c-4581-beb1-30a5e4bb8302]: BUSY"}}
[debug] [2025-10-04T16:58:25.240Z] Finishing up request with event=pause {"metadata":{"emulator":{"name":"functions"},"function":{"name":"us-central1-helloWorld"},"extension":{},"message":"Finishing up request with event=pause"}}
[info] i  functions: Finished "us-central1-helloWorld" in 8.1137ms {"metadata":{"emulator":{"name":"functions"},"function":{"name":"us-central1-helloWorld"},"extension":{},"message":"Finished \"us-central1-helloWorld\" in 8.1137ms"}}
[debug] [2025-10-04T16:58:25.241Z] [worker-us-central1-helloWorld-7c989216-931c-4581-beb1-30a5e4bb8302]: IDLE {"metadata":{"emulator":{"name":"functions"},"function":{"name":"us-central1-helloWorld"},"extension":{},"message":"[worker-us-central1-helloWorld-7c989216-931c-4581-beb1-30a5e4bb8302]: IDLE"}}
[debug] [2025-10-04T16:58:25.241Z] Finishing up request with event=finish {"metadata":{"emulator":{"name":"functions"},"function":{"name":"us-central1-helloWorld"},"extension":{},"message":"Finishing up request with event=finish"}}
[debug] [2025-10-04T16:58:25.242Z] Finishing up request with event=close {"metadata":{"emulator":{"name":"functions"},"function":{"name":"us-central1-helloWorld"},"extension":{},"message":"Finishing up request with event=close"}}
[debug] [2025-10-04T16:58:25.242Z] [work-queue] {"queuedWork":[],"queueLength":0,"runningWork":[],"workRunningCount":0}
[debug] [2025-10-04T16:58:25.680Z] Functions emulator received unknown request at path /favicon.ico
[debug] [2025-10-04T17:01:34.033Z] Functions emulator received unknown request at path /
[debug] [2025-10-04T17:01:34.094Z] Functions emulator received unknown request at path /favicon.ico
[debug] [2025-10-04T17:50:20.211Z] [worker-us-central1-helloWorld-7c989216-931c-4581-beb1-30a5e4bb8302]: exited {"metadata":{"emulator":{"name":"functions"},"function":{"name":"us-central1-helloWorld"},"extension":{},"message":"[worker-us-central1-helloWorld-7c989216-931c-4581-beb1-30a5e4bb8302]: exited"}}
[debug] [2025-10-04T17:50:20.211Z] [worker-us-central1-helloWorld-7c989216-931c-4581-beb1-30a5e4bb8302]: FINISHED {"metadata":{"emulator":{"name":"functions"},"function":{"name":"us-central1-helloWorld"},"extension":{},"message":"[worker-us-central1-helloWorld-7c989216-931c-4581-beb1-30a5e4bb8302]: FINISHED"}}
[debug] [2025-10-04T17:50:20.212Z] Received signal SIGHUP 1
[info]  
[info] i  emulators: Received SIGHUP for the first time. Starting a clean shutdown. 
[info] i  emulators: Please wait for a clean shutdown or send the SIGHUP signal again to stop right now. 
[info] i  emulators: Shutting down emulators. {"metadata":{"emulator":{"name":"hub"},"message":"Shutting down emulators."}}
[info] i  ui: Stopping Emulator UI {"metadata":{"emulator":{"name":"ui"},"message":"Stopping Emulator UI"}}
[info] i  functions: Stopping Functions Emulator {"metadata":{"emulator":{"name":"functions"},"message":"Stopping Functions Emulator"}}
[info] i  eventarc: Stopping Eventarc Emulator {"metadata":{"emulator":{"name":"eventarc"},"message":"Stopping Eventarc Emulator"}}
[info] i  tasks: Stopping Cloud Tasks Emulator {"metadata":{"emulator":{"name":"tasks"},"message":"Stopping Cloud Tasks Emulator"}}
[info] i  hub: Stopping emulator hub {"metadata":{"emulator":{"name":"hub"},"message":"Stopping emulator hub"}}
[info] i  logging: Stopping Logging Emulator {"metadata":{"emulator":{"name":"logging"},"message":"Stopping Logging Emulator"}}
[debug] [2025-10-04T17:50:20.230Z] Could not find VSCode notification endpoint: FetchError: request to http://localhost:40001/vscode/notify failed, reason: . If you are not running the Firebase Data Connect VSCode extension, this is expected and not an issue.
